2022-12-24 16:02:53,674	DEBUG	no_stream_logger	initialized object LRUCache with capacity 2
2022-12-24 16:02:53,674	DEBUG	no_stream_logger	the node with the key k1 and value val1 added to dictionary
2022-12-24 16:02:53,674	DEBUG	no_stream_logger	the node with the key k2 and value val2 added to dictionary
2022-12-24 16:02:53,674	DEBUG	no_stream_logger	node with key k2 and value val2 was recently used
2022-12-24 16:02:53,674	DEBUG	no_stream_logger	node with key k1 and value val1 was recently used
2022-12-24 16:02:53,674	DEBUG	no_stream_logger	the node with the key k2 deleted from dictionary
2022-12-24 16:02:53,674	DEBUG	no_stream_logger	the node with the key k3 and value val2 added to dictionary
2022-12-24 16:02:53,675	DEBUG	no_stream_logger	initialized object LRUCache with capacity 1
2022-12-24 16:02:53,675	DEBUG	no_stream_logger	the node with the key k1 and value val1 added to dictionary
2022-12-24 16:02:53,675	DEBUG	no_stream_logger	the node with the key k1 deleted from dictionary
2022-12-24 16:02:53,675	DEBUG	no_stream_logger	the node with the key k2 and value val1 added to dictionary
2022-12-24 16:02:53,675	DEBUG	no_stream_logger	node with key k2 and value val2 was recently used
2022-12-24 16:02:53,675	DEBUG	no_stream_logger	the node with the key k1 is not in the dictionary
2022-12-24 16:02:53,675	DEBUG	no_stream_logger	the node with the key k2 deleted from dictionary
2022-12-24 16:02:53,675	DEBUG	no_stream_logger	the node with the key k3 and value val2 added to dictionary
2022-12-24 16:02:53,675	WARNING	no_stream_logger	LRUCache object accepts only integer as input
2022-12-24 16:02:56,221	DEBUG	stream_logger	initialized object LRUCache with capacity 2
2022-12-24 16:02:56,222	DEBUG	stream_logger	the node with the key k1 and value val1 added to dictionary
2022-12-24 16:02:56,222	DEBUG	stream_logger	the node with the key k2 and value val2 added to dictionary
2022-12-24 16:02:56,222	DEBUG	stream_logger	node with key k2 and value val2 was recently used
2022-12-24 16:02:56,222	DEBUG	stream_logger	node with key k1 and value val1 was recently used
2022-12-24 16:02:56,222	DEBUG	stream_logger	the node with the key k2 deleted from dictionary
2022-12-24 16:02:56,222	DEBUG	stream_logger	the node with the key k3 and value val2 added to dictionary
2022-12-24 16:02:56,222	DEBUG	stream_logger	initialized object LRUCache with capacity 1
2022-12-24 16:02:56,224	DEBUG	stream_logger	the node with the key k1 and value val1 added to dictionary
2022-12-24 16:02:56,224	DEBUG	stream_logger	the node with the key k1 deleted from dictionary
2022-12-24 16:02:56,225	DEBUG	stream_logger	the node with the key k2 and value val1 added to dictionary
2022-12-24 16:02:56,225	DEBUG	stream_logger	node with key k2 and value val2 was recently used
2022-12-24 16:02:56,225	DEBUG	stream_logger	the node with the key k1 is not in the dictionary
2022-12-24 16:02:56,225	DEBUG	stream_logger	the node with the key k2 deleted from dictionary
2022-12-24 16:02:56,225	DEBUG	stream_logger	the node with the key k3 and value val2 added to dictionary
2022-12-24 16:02:56,226	WARNING	stream_logger	LRUCache object accepts only integer as input
